SF:lib\models\cart_service.dart
DA:6,42
DA:7,28
DA:8,14
DA:14,6
DA:15,3
DA:18,1
DA:19,2
DA:20,1
DA:23,5
DA:24,1
DA:25,4
DA:27,1
DA:28,1
DA:31,2
DA:32,2
DA:33,2
DA:34,1
DA:40,2
DA:41,4
DA:43,1
DA:44,3
DA:45,2
DA:48,1
DA:49,2
DA:50,1
DA:51,2
DA:52,1
DA:53,2
DA:54,1
DA:55,2
DA:56,0
DA:57,0
DA:58,0
DA:59,0
DA:60,0
DA:61,0
DA:65,1
DA:69,1
DA:70,2
DA:72,0
DA:75,0
DA:77,0
DA:78,0
DA:93,0
DA:95,0
DA:96,0
DA:104,0
DA:113,0
DA:117,0
DA:119,0
DA:120,0
DA:130,0
DA:134,0
DA:136,0
DA:137,0
DA:144,0
DA:153,0
DA:157,0
DA:159,0
DA:160,0
DA:170,0
DA:173,0
DA:174,0
DA:177,1
DA:179,3
DA:180,3
DA:181,3
DA:182,3
DA:184,1
DA:186,5
DA:187,5
DA:191,2
DA:193,1
DA:196,1
DA:197,3
DA:198,2
DA:199,2
DA:200,2
DA:201,1
DA:204,1
DA:205,1
DA:206,1
DA:208,1
DA:212,1
DA:213,3
DA:214,2
DA:215,2
DA:216,2
DA:218,1
DA:219,1
DA:220,2
DA:222,5
DA:224,1
DA:228,1
DA:229,2
DA:230,1
DA:233,14
DA:234,31
DA:237,2
DA:238,9
DA:241,1
DA:242,7
DA:245,3
DA:246,3
LF:104
LH:74
end_of_record
SF:lib\views\auth_page.dart
DA:5,1
DA:7,1
DA:8,1
DA:26,1
DA:28,2
DA:29,2
DA:30,2
DA:31,2
DA:32,1
DA:35,0
DA:36,0
DA:37,0
DA:38,0
DA:39,0
DA:48,1
DA:50,1
DA:52,1
DA:54,1
DA:56,1
DA:57,1
DA:58,1
DA:60,1
DA:80,1
DA:81,1
DA:84,1
DA:86,1
DA:91,1
DA:92,0
DA:93,0
DA:94,0
DA:98,0
DA:99,0
DA:101,0
DA:102,0
DA:113,1
DA:114,1
DA:116,0
DA:117,0
DA:120,0
DA:125,1
DA:129,1
DA:130,1
DA:132,1
DA:133,1
DA:144,1
DA:146,1
DA:147,1
DA:148,1
DA:149,0
DA:150,0
DA:153,0
DA:158,1
DA:162,1
DA:163,1
DA:164,1
DA:168,0
DA:169,0
DA:170,0
DA:174,1
DA:175,1
DA:177,1
DA:178,1
DA:189,1
DA:191,1
DA:192,0
DA:193,0
DA:194,0
DA:195,0
DA:196,0
DA:197,0
DA:200,0
DA:206,0
DA:210,0
DA:211,0
DA:212,0
DA:216,0
DA:217,0
DA:218,0
DA:222,0
DA:223,0
DA:225,0
DA:226,0
DA:237,1
DA:239,1
DA:242,1
DA:243,1
DA:244,1
DA:247,1
DA:248,1
DA:251,1
DA:252,1
DA:260,1
DA:262,1
DA:263,1
DA:265,1
DA:266,0
DA:267,0
DA:283,1
DA:285,1
DA:287,1
DA:288,1
DA:289,1
DA:292,1
DA:293,1
DA:297,1
DA:298,0
DA:299,0
DA:300,0
DA:303,1
DA:306,1
DA:307,1
LF:111
LH:67
end_of_record
SF:lib\views\common_page_scaffold.dart
DA:11,10
DA:17,10
DA:20,10
DA:22,10
DA:23,10
DA:24,10
DA:25,10
DA:26,10
DA:27,10
DA:29,10
DA:32,10
DA:35,10
DA:37,10
LF:13
LH:13
end_of_record
SF:lib\data\collections_data.dart
DA:5,12
DA:340,3
DA:341,3
DA:343,6
DA:344,4
DA:345,4
DA:346,4
DA:347,4
DA:348,4
DA:349,4
DA:350,2
DA:352,6
DA:356,1
DA:357,5
DA:361,0
DA:362,0
DA:366,0
DA:367,0
DA:368,0
DA:369,0
DA:370,0
DA:371,0
DA:372,0
DA:376,6
LF:24
LH:15
end_of_record
SF:lib\models\product_model.dart
DA:17,3
DA:35,5
DA:38,6
DA:41,6
LF:4
LH:4
end_of_record
SF:lib\models\collection_model.dart
DA:9,3
LF:1
LH:1
end_of_record
SF:lib\models\cart_model.dart
DA:10,3
DA:20,2
DA:29,2
DA:30,2
DA:31,2
DA:32,2
DA:33,2
DA:34,1
DA:35,2
DA:36,2
LF:10
LH:10
end_of_record
SF:lib\models\order_model.dart
DA:8,2
DA:17,1
DA:18,1
DA:19,2
DA:21,2
DA:23,2
DA:25,2
DA:26,2
DA:27,2
DA:28,3
DA:29,2
DA:30,2
DA:31,3
DA:32,2
DA:34,3
DA:35,2
DA:40,1
DA:41,1
DA:42,2
DA:44,2
DA:46,2
DA:48,2
DA:50,2
DA:52,2
DA:54,2
DA:71,2
DA:82,2
DA:83,2
DA:84,2
DA:85,2
DA:86,2
DA:87,2
DA:88,2
DA:89,2
DA:90,2
LF:35
LH:35
end_of_record
SF:lib\views\about_page.dart
DA:5,1
DA:7,1
DA:9,1
DA:11,1
DA:13,1
DA:15,1
DA:17,1
DA:22,1
DA:23,1
DA:25,1
DA:27,1
DA:30,1
DA:32,1
DA:34,1
DA:35,1
DA:37,1
DA:39,1
DA:42,1
DA:43,1
DA:45,1
DA:47,1
DA:48,1
DA:50,1
DA:52,1
LF:24
LH:24
end_of_record
SF:lib\widgets\header_widget.dart
DA:11,12
DA:13,13
DA:14,13
DA:23,13
DA:25,13
DA:27,50
DA:30,13
DA:32,50
DA:33,26
DA:34,26
DA:35,13
DA:38,0
DA:39,0
DA:40,0
DA:41,0
DA:45,0
DA:46,0
DA:47,0
DA:48,0
DA:49,0
DA:50,0
DA:55,0
DA:56,0
DA:57,0
DA:58,0
DA:59,0
DA:60,0
DA:61,0
DA:62,0
DA:63,0
DA:64,0
DA:68,0
DA:69,0
DA:70,0
DA:71,0
DA:73,0
DA:75,0
DA:79,0
DA:80,0
DA:83,0
DA:84,0
DA:87,0
DA:88,0
DA:91,0
DA:92,0
DA:95,0
DA:96,0
DA:99,0
DA:100,0
DA:103,0
DA:104,0
DA:107,0
DA:111,13
DA:114,13
DA:115,13
DA:118,39
DA:119,13
DA:122,25
DA:123,6
DA:125,6
DA:127,6
DA:128,6
DA:131,6
DA:132,6
DA:134,6
DA:149,6
DA:150,6
DA:152,6
DA:153,6
DA:156,3
DA:167,0
DA:168,0
DA:169,0
DA:171,0
DA:177,6
DA:178,0
DA:179,6
DA:183,6
DA:184,6
DA:185,6
DA:200,6
DA:201,6
DA:203,6
DA:204,6
DA:205,0
DA:215,6
DA:216,0
DA:226,6
DA:227,0
DA:237,6
DA:238,0
DA:248,6
DA:249,0
DA:263,0
DA:265,6
DA:267,6
DA:269,6
DA:272,6
DA:273,0
DA:274,0
DA:277,0
DA:278,0
DA:279,0
DA:280,0
DA:283,0
DA:284,0
DA:285,0
DA:287,6
DA:288,18
DA:289,6
DA:292,6
DA:294,12
DA:297,6
DA:298,6
DA:299,12
DA:301,6
DA:302,6
DA:303,12
DA:305,6
DA:306,6
DA:311,0
DA:314,0
DA:315,0
DA:317,0
DA:319,0
DA:320,0
DA:323,0
DA:325,0
DA:326,0
DA:328,0
DA:331,0
DA:332,0
DA:333,0
DA:334,0
DA:335,0
DA:338,0
DA:339,0
DA:340,0
DA:342,0
DA:343,0
DA:344,0
DA:345,0
DA:347,0
DA:353,0
DA:354,0
DA:359,0
DA:360,0
DA:361,0
DA:363,0
DA:366,0
DA:375,0
DA:379,0
DA:380,0
DA:382,0
DA:387,6
DA:398,0
DA:400,6
DA:412,0
DA:414,6
DA:415,6
DA:416,6
DA:427,0
DA:428,0
DA:431,6
DA:432,0
DA:435,0
DA:445,0
DA:446,0
DA:459,0
DA:470,0
DA:471,0
DA:476,0
DA:490,6
DA:495,0
DA:496,0
DA:497,0
DA:501,0
DA:504,0
DA:506,0
DA:507,0
DA:510,0
DA:512,0
DA:513,0
DA:515,0
DA:524,0
DA:526,0
DA:527,0
DA:528,0
DA:529,0
DA:530,0
DA:533,0
DA:534,0
DA:535,0
DA:537,0
DA:538,0
DA:539,0
DA:540,0
DA:542,0
DA:548,0
DA:549,0
DA:554,0
DA:555,0
DA:556,0
DA:558,0
DA:561,0
DA:570,0
DA:571,0
DA:572,0
DA:574,0
DA:576,0
DA:577,0
DA:579,0
DA:582,0
DA:583,0
DA:586,0
DA:587,0
DA:588,0
DA:589,0
DA:590,0
DA:595,0
DA:596,0
DA:598,0
DA:600,0
DA:601,0
DA:602,0
DA:603,0
DA:604,0
DA:607,0
DA:608,0
DA:609,0
DA:611,0
DA:612,0
DA:613,0
DA:614,0
DA:616,0
DA:622,0
DA:623,0
DA:624,0
DA:625,0
DA:627,0
DA:628,0
DA:629,0
DA:635,0
DA:636,0
DA:646,0
DA:647,0
DA:648,0
DA:654,0
DA:656,0
DA:669,0
DA:672,0
DA:673,0
DA:674,0
DA:677,0
DA:680,0
DA:681,0
DA:682,0
DA:685,0
DA:688,0
DA:689,0
DA:690,0
DA:693,0
DA:696,0
DA:697,0
DA:698,0
DA:701,0
DA:704,0
DA:705,0
DA:706,0
LF:269
LH:66
end_of_record
SF:lib\widgets\footer_widget.dart
DA:7,12
DA:10,0
DA:11,0
DA:14,0
DA:15,0
DA:18,0
DA:19,0
DA:22,0
DA:23,0
DA:26,0
DA:27,0
DA:30,13
DA:32,13
DA:34,13
DA:35,13
DA:36,13
DA:38,13
DA:40,13
DA:60,13
DA:61,13
DA:62,26
DA:64,13
DA:65,13
DA:66,13
DA:68,13
DA:71,13
DA:73,13
DA:79,0
DA:80,0
DA:81,0
DA:82,0
DA:83,0
DA:91,13
DA:93,13
DA:94,13
DA:95,0
DA:96,0
DA:106,13
DA:107,0
DA:108,0
DA:118,13
DA:119,0
DA:120,0
DA:131,13
DA:132,0
DA:134,0
DA:140,0
DA:141,0
DA:164,13
DA:165,13
DA:166,13
DA:167,65
DA:168,13
DA:169,65
DA:170,13
DA:174,13
DA:175,13
DA:176,13
DA:177,65
DA:178,13
DA:179,65
DA:180,13
DA:181,65
DA:182,13
DA:186,13
DA:187,13
DA:189,13
DA:191,13
LF:68
LH:43
end_of_record
SF:lib\views\cart_page.dart
DA:9,1
DA:11,0
DA:12,0
DA:15,0
DA:17,0
DA:18,0
DA:19,0
DA:22,0
DA:25,0
DA:26,0
DA:32,0
DA:33,0
DA:34,0
DA:42,0
DA:43,0
DA:45,0
DA:47,0
DA:48,0
DA:50,0
DA:53,0
DA:54,0
DA:55,0
DA:57,0
DA:58,0
DA:60,0
DA:67,0
DA:68,0
DA:70,0
DA:71,0
DA:72,0
DA:81,0
DA:82,0
DA:83,0
DA:86,0
DA:87,0
DA:88,0
DA:91,0
DA:92,0
DA:93,0
DA:104,0
DA:105,0
DA:106,0
DA:107,0
DA:108,0
DA:110,0
DA:111,0
DA:112,0
DA:113,0
DA:114,0
DA:115,0
DA:119,0
DA:120,0
DA:126,0
DA:128,0
DA:129,0
DA:130,0
DA:131,0
DA:132,0
DA:133,0
DA:139,0
DA:140,0
DA:141,0
DA:142,0
DA:143,0
DA:158,1
DA:160,1
DA:161,1
DA:162,1
DA:163,1
DA:165,1
DA:167,1
DA:169,1
DA:171,1
DA:172,1
DA:173,1
DA:174,2
DA:184,1
DA:185,1
DA:187,1
DA:188,1
DA:196,1
DA:197,0
DA:198,0
DA:200,1
DA:211,0
DA:212,0
DA:214,0
DA:217,0
DA:218,0
DA:219,0
DA:224,0
DA:227,0
DA:228,0
DA:229,0
DA:230,0
DA:232,0
DA:233,0
DA:242,0
DA:244,0
DA:246,0
DA:250,0
DA:252,0
DA:258,0
DA:260,0
DA:268,0
DA:269,0
DA:282,0
DA:284,0
DA:285,0
DA:286,0
DA:287,0
DA:288,0
DA:289,0
DA:296,0
DA:297,0
DA:298,0
DA:299,0
LF:117
LH:19
end_of_record
SF:lib\views\collections_page.dart
DA:8,1
DA:10,1
DA:11,1
DA:21,1
DA:22,2
DA:29,2
DA:30,0
DA:31,2
DA:33,0
DA:34,0
DA:35,2
DA:36,0
DA:40,1
DA:41,1
DA:42,0
DA:44,1
DA:45,0
DA:47,1
DA:48,0
DA:58,1
DA:60,3
DA:61,2
DA:62,0
DA:65,2
DA:66,1
DA:68,2
DA:69,0
DA:73,1
DA:74,3
DA:77,1
DA:78,1
DA:80,1
DA:82,1
DA:84,1
DA:86,1
DA:87,1
DA:89,2
DA:90,0
DA:91,0
DA:94,2
DA:96,1
DA:97,3
DA:103,1
DA:105,3
DA:106,0
DA:107,0
DA:110,3
DA:119,1
DA:120,1
DA:122,1
DA:123,1
DA:125,1
DA:126,1
DA:127,1
DA:128,1
DA:129,0
DA:130,0
DA:132,1
DA:133,1
DA:134,1
DA:136,1
DA:137,1
DA:140,0
DA:141,0
DA:142,0
DA:149,1
DA:151,1
DA:152,1
DA:153,1
DA:154,1
DA:160,1
DA:161,2
DA:162,1
DA:164,1
DA:179,1
DA:182,1
DA:184,1
DA:186,1
DA:188,1
DA:190,1
DA:191,1
DA:200,1
DA:202,1
DA:204,1
DA:211,1
DA:213,1
DA:216,1
DA:217,1
DA:219,1
DA:222,1
DA:223,1
DA:237,0
DA:239,0
DA:240,0
DA:241,0
DA:248,1
DA:250,1
DA:253,1
DA:254,1
DA:264,0
DA:266,0
DA:267,0
DA:268,0
DA:279,1
DA:281,1
DA:283,1
DA:284,4
DA:290,1
DA:291,0
DA:293,0
DA:294,0
DA:295,0
DA:297,0
DA:299,0
DA:302,0
DA:304,0
DA:309,1
DA:310,1
DA:312,2
DA:314,1
DA:318,1
DA:320,4
DA:326,2
DA:327,1
DA:329,1
DA:330,2
DA:334,2
LF:127
LH:93
end_of_record
SF:lib\main.dart
DA:20,0
DA:21,0
DA:25,6
DA:27,2
DA:29,2
DA:32,2
DA:36,2
DA:39,0
DA:43,2
DA:46,0
DA:50,2
DA:53,0
DA:57,2
DA:60,0
DA:61,0
DA:63,0
DA:64,0
DA:67,2
DA:69,2
DA:72,0
DA:73,0
DA:74,0
DA:75,0
DA:83,2
DA:86,0
DA:87,2
DA:89,2
DA:92,0
DA:93,0
DA:94,0
DA:95,0
DA:103,2
DA:106,0
DA:107,0
DA:108,0
DA:109,0
DA:115,2
DA:118,0
DA:122,2
DA:125,0
DA:129,2
DA:132,0
DA:136,2
DA:139,0
DA:143,0
DA:147,1
DA:149,2
DA:151,2
DA:152,4
DA:153,2
DA:156,2
DA:157,2
DA:159,2
DA:166,1
DA:168,2
DA:171,2
DA:173,2
DA:174,2
DA:175,2
DA:177,2
DA:178,2
DA:180,2
DA:183,2
DA:184,2
DA:185,4
DA:190,2
DA:193,2
DA:194,2
DA:196,2
DA:197,2
DA:204,2
DA:205,2
DA:206,2
DA:212,2
DA:216,2
DA:218,2
DA:219,2
DA:221,2
DA:223,2
DA:232,2
DA:234,2
DA:242,2
DA:244,2
DA:245,0
DA:246,0
DA:248,2
DA:256,2
DA:258,2
DA:275,2
DA:276,2
DA:278,8
DA:280,2
DA:281,2
DA:282,4
DA:286,2
DA:290,2
DA:291,2
DA:292,0
DA:293,2
DA:295,2
DA:296,2
DA:298,4
DA:302,2
DA:303,0
DA:304,2
DA:306,2
DA:307,2
DA:309,4
DA:313,2
DA:314,0
DA:315,2
DA:317,2
DA:318,2
DA:320,4
DA:331,2
DA:333,2
DA:335,2
DA:337,2
DA:349,2
DA:352,2
DA:353,8
DA:354,8
DA:355,8
DA:358,6
DA:359,2
DA:360,4
DA:361,2
DA:370,2
DA:372,2
DA:385,2
DA:390,2
DA:392,2
DA:393,0
DA:394,0
DA:396,2
DA:398,2
DA:399,2
DA:400,2
DA:401,2
DA:402,2
DA:403,4
DA:406,2
DA:407,2
DA:408,2
DA:416,4
DA:417,0
DA:420,0
DA:422,0
DA:424,0
DA:426,0
DA:427,0
DA:437,4
DA:438,0
DA:441,0
DA:443,0
DA:445,0
DA:446,0
DA:461,2
DA:463,2
DA:465,2
DA:466,4
DA:476,4
DA:477,0
DA:478,0
DA:479,0
DA:480,0
DA:488,0
DA:489,0
DA:499,2
DA:500,8
DA:506,2
DA:507,2
DA:508,4
DA:520,0
DA:521,0
DA:522,0
DA:523,0
DA:525,0
DA:526,0
DA:527,0
DA:528,0
DA:533,0
DA:535,0
DA:536,0
DA:538,0
DA:539,0
DA:540,0
DA:542,0
DA:543,0
DA:544,0
DA:545,0
DA:548,0
DA:549,0
DA:550,0
DA:560,0
DA:561,0
DA:567,0
DA:568,0
DA:569,0
DA:570,0
DA:571,0
DA:579,0
DA:580,0
DA:590,0
DA:591,0
DA:597,0
DA:598,0
DA:599,0
LF:208
LH:122
end_of_record
SF:lib\views\product_page.dart
DA:11,1
DA:13,1
DA:14,1
DA:22,1
DA:25,1
DA:26,0
DA:29,0
DA:30,0
DA:31,0
DA:35,0
DA:36,0
DA:38,0
DA:40,0
DA:42,0
DA:45,0
DA:46,0
DA:47,0
DA:51,0
DA:53,0
DA:55,0
DA:57,0
DA:61,0
DA:63,0
DA:69,0
DA:70,0
DA:71,0
DA:73,0
DA:84,0
DA:85,0
DA:86,0
DA:87,0
DA:88,0
DA:89,0
DA:91,0
DA:92,0
DA:93,0
DA:94,0
DA:95,0
DA:96,0
DA:100,0
DA:101,0
DA:102,0
DA:124,0
DA:125,0
DA:128,0
DA:130,0
DA:132,0
DA:134,0
DA:135,0
DA:144,0
DA:145,0
DA:148,0
DA:150,0
DA:151,0
DA:152,0
DA:169,0
DA:170,0
DA:172,0
DA:174,0
DA:176,0
DA:177,0
DA:178,0
DA:180,0
DA:181,0
DA:182,0
DA:184,0
DA:193,0
DA:194,0
DA:195,0
DA:196,0
DA:205,0
DA:206,0
DA:207,0
DA:208,0
DA:209,0
DA:210,0
DA:211,0
DA:217,0
DA:218,0
DA:219,0
DA:220,0
DA:221,0
DA:226,0
DA:227,0
DA:228,0
DA:229,0
DA:240,0
DA:241,0
DA:242,0
DA:243,0
DA:245,0
DA:248,0
DA:249,0
DA:250,0
DA:251,0
DA:252,0
DA:254,0
DA:264,0
DA:267,0
DA:270,0
DA:272,0
DA:275,0
DA:277,0
DA:280,0
DA:282,0
DA:285,0
DA:290,0
DA:291,0
DA:293,0
DA:303,0
DA:305,0
DA:306,0
DA:307,0
DA:308,0
DA:310,0
DA:311,0
DA:312,0
DA:316,0
DA:323,0
DA:324,0
DA:326,0
DA:336,0
DA:338,0
DA:339,0
DA:340,0
DA:341,0
DA:343,0
DA:344,0
DA:346,0
DA:347,0
DA:348,0
DA:352,0
DA:359,0
DA:360,0
DA:362,0
DA:372,0
DA:373,0
DA:374,0
DA:376,0
DA:377,0
DA:378,0
DA:379,0
DA:384,0
DA:385,0
DA:391,0
DA:393,0
DA:394,0
DA:395,0
DA:396,0
DA:398,0
DA:399,0
DA:400,0
DA:415,0
DA:416,0
DA:418,0
DA:419,0
DA:420,0
DA:421,0
DA:423,0
DA:425,0
DA:434,0
DA:435,0
DA:438,0
DA:439,0
DA:440,0
DA:443,0
DA:444,0
DA:445,0
DA:453,0
DA:454,0
DA:457,0
DA:458,0
DA:459,0
DA:460,0
DA:461,0
DA:464,0
DA:465,0
DA:466,0
DA:467,0
DA:468,0
DA:469,0
DA:470,0
DA:471,0
DA:472,0
DA:473,0
DA:474,0
DA:477,0
DA:480,0
DA:481,0
DA:482,0
DA:483,0
DA:485,0
DA:486,0
DA:487,0
DA:490,0
DA:493,0
DA:494,0
DA:501,0
DA:502,0
DA:513,0
DA:514,0
DA:516,0
DA:526,0
DA:527,0
LF:204
LH:5
end_of_record
SF:lib\views\collection_products_page.dart
DA:10,0
DA:12,1
DA:13,1
DA:23,1
DA:24,1
DA:27,2
DA:28,0
DA:32,2
DA:33,0
DA:34,2
DA:35,0
DA:36,2
DA:37,0
DA:41,1
DA:42,1
DA:43,0
DA:45,1
DA:46,0
DA:48,1
DA:49,0
DA:60,1
DA:61,3
DA:62,2
DA:63,0
DA:66,2
DA:67,1
DA:69,3
DA:73,1
DA:74,3
DA:77,0
DA:78,0
DA:79,0
DA:83,1
DA:84,1
DA:86,1
DA:88,0
DA:90,0
DA:92,0
DA:93,0
DA:95,0
DA:96,0
DA:98,0
DA:100,0
DA:101,0
DA:107,0
DA:109,0
DA:110,0
DA:112,0
DA:119,1
DA:120,1
DA:121,0
DA:122,0
DA:124,1
DA:126,1
DA:127,1
DA:129,1
DA:131,1
DA:133,1
DA:134,1
DA:135,1
DA:137,1
DA:138,1
DA:142,1
DA:143,1
DA:144,1
DA:151,1
DA:152,1
DA:155,1
DA:157,1
DA:159,1
DA:161,1
DA:162,2
DA:171,1
DA:172,0
DA:175,0
DA:177,0
DA:178,0
DA:179,0
DA:193,1
DA:195,1
DA:197,1
DA:198,1
DA:199,1
DA:208,1
DA:210,1
DA:211,1
DA:212,1
DA:214,1
DA:215,1
DA:220,1
DA:221,1
DA:222,1
DA:223,1
DA:224,3
DA:232,1
DA:233,3
DA:234,1
DA:236,1
DA:243,1
DA:244,3
DA:259,1
DA:262,1
DA:263,2
DA:266,2
DA:267,3
DA:268,0
DA:270,2
DA:271,1
DA:273,1
DA:275,1
DA:277,1
DA:280,1
DA:281,1
DA:283,1
DA:285,1
DA:286,1
DA:287,1
DA:294,1
DA:295,1
DA:296,1
DA:298,1
DA:306,1
DA:308,1
DA:311,1
DA:312,1
DA:314,1
DA:317,1
DA:318,1
DA:326,0
DA:328,0
DA:329,0
DA:330,0
DA:338,1
DA:340,1
DA:343,1
DA:344,1
DA:353,0
DA:355,0
DA:356,0
DA:357,0
DA:365,1
DA:367,1
DA:370,1
DA:371,1
DA:378,0
DA:380,0
DA:381,0
DA:382,0
DA:394,1
DA:396,1
DA:398,1
DA:399,4
DA:405,1
DA:406,0
DA:408,0
DA:409,0
DA:410,0
DA:412,0
DA:414,0
DA:417,0
DA:419,0
DA:424,1
DA:425,1
DA:427,2
DA:429,1
DA:433,1
DA:434,4
DA:439,2
DA:440,1
DA:441,1
DA:442,2
DA:446,2
LF:172
LH:119
end_of_record
SF:lib\views\sale_collection_page.dart
DA:9,1
DA:11,1
DA:12,1
DA:14,2
DA:15,1
DA:16,0
DA:17,0
DA:19,1
DA:21,1
DA:22,1
DA:24,1
DA:25,1
DA:26,1
DA:29,1
DA:30,1
DA:32,0
DA:33,0
DA:34,0
DA:42,1
DA:45,1
DA:47,1
DA:48,1
DA:49,1
DA:51,1
DA:52,2
DA:64,1
DA:66,1
DA:68,1
DA:69,1
DA:70,1
DA:79,1
DA:80,1
DA:81,1
DA:82,3
DA:83,1
DA:85,1
DA:90,1
DA:91,3
DA:101,1
DA:103,1
DA:104,1
DA:105,1
DA:107,1
DA:108,1
DA:124,1
DA:127,1
DA:129,1
DA:131,1
DA:133,1
DA:136,1
DA:137,1
DA:138,1
DA:148,1
DA:150,1
DA:152,1
DA:160,1
DA:162,1
DA:163,4
DA:171,1
DA:172,0
DA:174,0
DA:175,0
DA:176,0
DA:178,0
DA:180,0
DA:183,0
DA:185,0
DA:190,1
DA:194,1
DA:195,4
DA:200,1
DA:201,1
DA:202,2
LF:73
LH:60
end_of_record
SF:lib\views\print_shack_page.dart
DA:9,1
DA:11,1
DA:12,1
DA:29,1
DA:30,2
DA:33,1
DA:35,1
DA:36,4
DA:37,4
DA:40,1
DA:42,2
DA:43,2
DA:44,2
DA:45,2
DA:46,1
DA:49,0
DA:50,0
DA:51,0
DA:52,0
DA:53,0
DA:54,0
DA:55,0
DA:56,0
DA:57,0
DA:58,0
DA:59,0
DA:60,0
DA:61,0
DA:62,0
DA:66,0
DA:67,0
DA:68,0
DA:77,0
DA:78,0
DA:79,0
DA:81,0
DA:82,0
DA:83,0
DA:84,0
DA:87,0
DA:88,0
DA:91,0
DA:93,0
DA:94,0
DA:95,0
DA:97,0
DA:100,0
DA:101,0
DA:108,1
DA:110,1
DA:112,1
DA:114,1
DA:115,5
DA:116,1
DA:117,1
DA:118,2
DA:122,0
DA:124,0
DA:126,0
DA:128,0
DA:132,0
DA:134,0
DA:140,1
DA:141,1
DA:142,1
DA:144,1
DA:155,1
DA:156,1
DA:158,1
DA:159,2
DA:160,1
DA:162,1
DA:164,1
DA:167,3
DA:168,3
DA:169,1
DA:170,0
DA:171,1
DA:174,1
DA:175,1
DA:176,1
DA:177,1
DA:180,1
DA:182,1
DA:184,1
DA:185,1
DA:187,1
DA:188,3
DA:190,6
DA:193,1
DA:204,1
DA:205,1
DA:207,1
DA:216,1
DA:218,2
DA:221,1
DA:223,1
DA:228,1
DA:229,1
DA:231,1
DA:240,1
DA:244,1
DA:245,1
DA:246,2
DA:247,1
DA:249,1
DA:250,1
DA:252,1
DA:253,2
DA:254,0
DA:255,0
DA:256,0
DA:259,0
DA:263,2
DA:264,0
DA:265,2
DA:266,0
DA:267,0
DA:268,0
DA:271,0
DA:275,2
DA:276,0
DA:277,2
DA:278,0
DA:279,0
DA:280,0
DA:283,0
DA:287,6
DA:288,1
DA:290,1
DA:292,1
DA:301,1
DA:303,1
DA:304,1
DA:305,1
DA:307,1
DA:308,1
DA:309,1
DA:311,1
DA:313,5
DA:317,1
DA:319,4
DA:322,1
DA:324,1
DA:326,1
DA:327,6
DA:336,1
DA:338,1
DA:339,1
DA:340,1
DA:344,2
DA:353,1
DA:354,1
DA:356,1
DA:357,2
DA:358,1
DA:360,1
DA:362,1
DA:367,1
DA:368,1
DA:374,0
DA:379,1
DA:380,1
DA:386,0
DA:391,1
DA:392,1
DA:398,0
DA:403,1
DA:406,4
DA:407,2
DA:408,1
DA:409,1
DA:412,1
DA:413,0
DA:414,0
DA:417,1
DA:422,1
DA:425,4
DA:426,2
DA:427,1
DA:428,1
DA:431,1
DA:432,0
DA:433,0
DA:436,1
DA:441,1
DA:442,1
DA:443,1
DA:444,2
DA:446,2
DA:448,1
DA:450,3
DA:452,1
DA:453,0
DA:455,2
DA:464,0
DA:465,0
DA:467,0
DA:479,0
DA:481,0
DA:482,0
DA:483,0
DA:484,0
DA:485,0
DA:487,0
DA:501,0
DA:503,0
DA:504,0
DA:505,0
DA:506,0
DA:507,0
DA:509,0
DA:523,0
DA:524,0
DA:525,0
DA:527,0
DA:529,0
DA:530,0
DA:533,0
DA:535,0
DA:542,0
DA:545,0
DA:546,0
DA:549,0
DA:550,0
DA:551,0
DA:552,0
DA:553,0
DA:554,0
DA:555,0
DA:558,0
DA:559,0
DA:560,0
DA:579,0
DA:580,0
DA:581,0
DA:583,0
DA:585,0
DA:587,0
DA:589,0
DA:591,0
DA:593,0
DA:594,0
LF:243
LH:133
end_of_record
SF:lib\views\print_shack_about_page.dart
DA:5,1
DA:7,1
DA:9,1
DA:11,1
DA:13,1
DA:15,1
DA:17,1
DA:27,1
DA:29,1
DA:31,1
DA:63,1
DA:65,1
DA:66,1
DA:67,1
DA:68,1
DA:69,1
DA:112,1
DA:114,1
DA:115,1
DA:119,0
DA:120,0
DA:139,1
DA:140,1
DA:142,1
DA:144,1
DA:147,1
DA:148,1
DA:150,1
DA:151,1
DA:158,1
DA:160,1
DA:161,1
LF:32
LH:30
end_of_record
SF:lib\views\purchase_history_page.dart
DA:9,1
DA:11,1
DA:12,1
DA:18,1
DA:20,1
DA:24,0
DA:25,0
DA:28,0
DA:31,0
DA:32,0
DA:33,0
DA:34,0
DA:36,0
DA:37,0
DA:38,0
DA:45,0
DA:46,0
DA:47,0
DA:49,0
DA:55,0
DA:57,0
DA:58,0
DA:59,0
DA:67,0
DA:69,0
DA:70,0
DA:71,0
DA:73,0
DA:74,0
DA:75,0
DA:77,0
DA:86,0
DA:98,0
DA:99,0
DA:105,0
DA:106,0
DA:108,0
DA:109,0
DA:110,0
DA:113,0
DA:114,0
DA:115,0
DA:117,0
DA:118,0
DA:119,0
DA:120,0
DA:122,0
DA:129,0
DA:130,0
DA:132,0
DA:133,0
DA:134,0
DA:143,0
DA:144,0
DA:145,0
DA:146,0
DA:147,0
DA:148,0
DA:150,0
DA:151,0
DA:152,0
DA:153,0
DA:154,0
DA:155,0
DA:162,0
DA:164,0
DA:165,0
DA:166,0
DA:172,0
DA:173,0
DA:174,0
DA:183,1
DA:184,1
DA:185,1
DA:187,1
DA:189,1
DA:190,2
DA:192,1
DA:194,1
DA:197,1
DA:201,1
DA:202,2
DA:204,0
DA:205,1
DA:207,1
DA:212,1
DA:213,0
DA:214,0
DA:216,1
DA:229,1
DA:231,1
DA:232,2
DA:234,1
DA:236,1
DA:238,1
DA:241,1
DA:242,1
DA:244,1
DA:246,1
DA:255,1
DA:257,1
DA:259,1
DA:267,1
DA:269,1
DA:271,1
DA:280,1
DA:281,1
DA:292,0
DA:294,0
DA:295,0
DA:299,1
DA:311,1
DA:312,0
DA:314,0
DA:316,0
DA:317,0
DA:328,1
DA:329,2
DA:330,4
DA:331,1
DA:333,0
DA:336,0
DA:337,0
DA:338,0
DA:342,1
LF:125
LH:45
end_of_record
SF:lib\models\print_shack_model.dart
DA:9,1
DA:26,0
DA:34,0
DA:35,0
DA:39,3
DA:40,1
DA:44,1
DA:45,1
DA:48,1
DA:52,1
DA:53,1
DA:56,1
DA:60,1
DA:61,1
DA:66,1
DA:67,5
LF:16
LH:13
end_of_record
