SF:lib\data\collections_data.dart
DA:5,18
DA:404,3
DA:405,3
DA:407,6
DA:408,4
DA:409,4
DA:410,4
DA:411,4
DA:412,4
DA:413,4
DA:414,2
DA:416,12
DA:420,2
DA:421,10
DA:425,1
DA:426,5
DA:430,1
DA:431,1
DA:432,3
DA:433,3
DA:434,3
DA:435,3
DA:436,1
DA:440,9
LF:24
LH:24
end_of_record
SF:lib\models\product_model.dart
DA:18,2
DA:36,10
DA:39,6
DA:42,6
DA:45,3
DA:46,3
DA:47,3
DA:48,6
DA:49,6
DA:50,6
DA:51,3
DA:55,1
DA:57,4
LF:13
LH:13
end_of_record
SF:lib\models\collection_model.dart
DA:9,2
LF:1
LH:1
end_of_record
SF:lib\models\cart_model.dart
DA:10,8
DA:20,3
DA:29,3
DA:30,3
DA:31,3
DA:32,3
DA:33,3
DA:34,1
DA:35,3
DA:36,3
LF:10
LH:10
end_of_record
SF:lib\models\cart_service.dart
DA:6,42
DA:7,28
DA:8,14
DA:14,9
DA:15,3
DA:18,3
DA:19,6
DA:20,1
DA:23,15
DA:24,3
DA:25,12
DA:27,3
DA:28,3
DA:31,6
DA:32,6
DA:33,6
DA:34,3
DA:40,2
DA:41,4
DA:43,2
DA:44,5
DA:45,2
DA:48,1
DA:49,2
DA:50,1
DA:51,2
DA:52,1
DA:53,2
DA:54,1
DA:55,2
DA:56,0
DA:57,0
DA:58,0
DA:59,0
DA:60,0
DA:61,0
DA:65,2
DA:69,1
DA:70,2
DA:72,0
DA:75,0
DA:77,0
DA:78,0
DA:93,0
DA:95,0
DA:96,0
DA:104,0
DA:113,0
DA:117,0
DA:119,0
DA:120,0
DA:130,0
DA:134,0
DA:136,0
DA:137,0
DA:144,0
DA:153,0
DA:157,0
DA:159,0
DA:160,0
DA:170,0
DA:173,0
DA:174,0
DA:177,6
DA:179,15
DA:180,9
DA:181,6
DA:182,6
DA:184,6
DA:186,10
DA:187,10
DA:191,12
DA:193,6
DA:196,1
DA:197,3
DA:198,2
DA:199,2
DA:200,2
DA:201,1
DA:204,1
DA:205,1
DA:206,1
DA:208,1
DA:212,2
DA:213,6
DA:214,4
DA:215,4
DA:216,4
DA:218,2
DA:219,2
DA:220,2
DA:222,10
DA:224,2
DA:228,3
DA:229,6
DA:230,3
DA:233,14
DA:234,43
DA:237,3
DA:238,21
DA:241,1
DA:242,7
DA:245,3
DA:246,3
LF:104
LH:74
end_of_record
SF:lib\models\order_model.dart
DA:8,4
DA:17,2
DA:18,2
DA:19,4
DA:21,4
DA:23,2
DA:25,2
DA:26,2
DA:27,2
DA:28,3
DA:29,2
DA:30,2
DA:31,3
DA:32,2
DA:34,3
DA:35,2
DA:40,1
DA:41,1
DA:42,2
DA:44,2
DA:46,2
DA:48,2
DA:50,2
DA:52,2
DA:54,2
DA:71,4
DA:82,4
DA:83,4
DA:84,4
DA:85,4
DA:86,4
DA:87,4
DA:88,4
DA:89,4
DA:90,4
LF:35
LH:35
end_of_record
SF:lib\views\about_page.dart
DA:5,1
DA:7,1
DA:9,1
DA:11,1
DA:13,1
DA:15,1
DA:17,1
DA:22,1
DA:23,1
DA:25,1
DA:27,1
DA:30,1
DA:32,1
DA:34,1
DA:35,1
DA:37,1
DA:39,1
DA:42,1
DA:43,1
DA:45,1
DA:47,1
DA:48,1
DA:50,1
DA:52,1
LF:24
LH:24
end_of_record
SF:lib\views\common_page_scaffold.dart
DA:11,11
DA:17,11
DA:20,11
DA:22,11
DA:23,11
DA:24,11
DA:25,11
DA:26,11
DA:27,11
DA:29,11
DA:32,11
DA:35,11
DA:37,11
LF:13
LH:13
end_of_record
SF:lib\widgets\header_widget.dart
DA:11,13
DA:13,13
DA:14,13
DA:23,13
DA:25,13
DA:27,52
DA:30,13
DA:32,52
DA:33,26
DA:34,26
DA:35,13
DA:38,1
DA:39,4
DA:40,2
DA:41,3
DA:45,1
DA:46,2
DA:47,1
DA:48,0
DA:49,0
DA:50,0
DA:55,2
DA:56,2
DA:57,2
DA:58,4
DA:59,4
DA:60,4
DA:61,1
DA:62,1
DA:63,4
DA:64,3
DA:68,1
DA:69,2
DA:70,1
DA:71,2
DA:73,2
DA:75,4
DA:79,0
DA:80,0
DA:83,1
DA:84,1
DA:87,1
DA:88,1
DA:91,1
DA:92,1
DA:95,1
DA:96,1
DA:99,1
DA:100,1
DA:103,1
DA:104,1
DA:107,0
DA:111,13
DA:114,13
DA:115,13
DA:118,39
DA:119,13
DA:122,39
DA:123,13
DA:125,13
DA:127,13
DA:128,13
DA:131,13
DA:132,13
DA:134,13
DA:149,13
DA:150,13
DA:152,13
DA:153,13
DA:156,4
DA:167,0
DA:168,0
DA:169,0
DA:171,0
DA:177,13
DA:178,0
DA:179,13
DA:183,12
DA:184,12
DA:185,12
DA:200,13
DA:201,13
DA:203,13
DA:204,13
DA:205,0
DA:215,13
DA:216,2
DA:226,13
DA:227,2
DA:237,13
DA:238,2
DA:248,13
DA:249,2
DA:263,3
DA:265,13
DA:267,13
DA:269,13
DA:272,13
DA:274,1
DA:275,2
DA:278,1
DA:279,2
DA:280,1
DA:281,1
DA:282,2
DA:283,1
DA:284,1
DA:285,1
DA:286,2
DA:287,1
DA:288,1
DA:289,1
DA:290,2
DA:291,1
DA:294,1
DA:295,1
DA:296,1
DA:297,3
DA:299,13
DA:301,39
DA:302,13
DA:305,13
DA:307,13
DA:309,13
DA:315,13
DA:317,13
DA:318,13
DA:319,13
DA:321,13
DA:323,13
DA:324,13
DA:325,13
DA:327,13
DA:329,13
DA:335,0
DA:336,0
DA:340,1
DA:341,1
DA:343,1
DA:346,1
DA:347,1
DA:351,1
DA:354,1
DA:355,1
DA:356,1
DA:358,1
DA:361,1
DA:362,1
DA:364,1
DA:365,1
DA:366,1
DA:369,1
DA:371,1
DA:373,1
DA:375,1
DA:377,1
DA:379,1
DA:380,1
DA:382,1
DA:393,1
DA:394,1
DA:403,1
DA:404,4
DA:405,1
DA:407,1
DA:409,1
DA:412,1
DA:413,1
DA:422,3
DA:428,1
DA:429,1
DA:431,1
DA:432,1
DA:437,13
DA:448,2
DA:450,13
DA:462,2
DA:464,13
DA:465,13
DA:466,13
DA:477,1
DA:478,1
DA:481,13
DA:482,4
DA:485,4
DA:495,4
DA:496,4
DA:509,3
DA:520,1
DA:521,1
DA:527,1
DA:528,1
DA:542,13
DA:547,0
DA:548,0
DA:549,0
DA:550,0
DA:554,0
DA:557,0
DA:559,0
DA:560,0
DA:563,0
DA:565,0
DA:566,0
DA:568,0
DA:577,0
DA:579,0
DA:580,0
DA:581,0
DA:582,0
DA:583,0
DA:586,0
DA:587,0
DA:588,0
DA:590,0
DA:591,0
DA:592,0
DA:593,0
DA:595,0
DA:602,0
DA:603,0
DA:609,0
DA:610,0
DA:611,0
DA:614,0
DA:617,0
DA:626,1
DA:627,1
DA:628,1
DA:630,1
DA:632,1
DA:633,1
DA:635,1
DA:638,1
DA:639,1
DA:642,1
DA:643,1
DA:644,2
DA:645,2
DA:646,3
DA:651,2
DA:652,1
DA:654,1
DA:656,2
DA:657,1
DA:658,2
DA:659,1
DA:660,1
DA:663,1
DA:664,1
DA:665,1
DA:667,1
DA:668,1
DA:669,1
DA:670,1
DA:672,1
DA:679,2
DA:681,1
DA:682,4
DA:683,1
DA:685,1
DA:687,1
DA:689,0
DA:690,0
DA:691,0
DA:697,3
DA:698,0
DA:709,1
DA:710,1
DA:711,1
DA:717,1
DA:719,1
DA:732,1
DA:735,0
DA:736,0
DA:737,0
DA:740,1
DA:743,1
DA:744,1
DA:745,1
DA:748,1
DA:751,1
DA:752,1
DA:753,1
DA:756,1
DA:759,1
DA:760,1
DA:761,1
DA:764,1
DA:767,1
DA:768,1
DA:769,1
LF:292
LH:238
end_of_record
SF:lib\widgets\footer_widget.dart
DA:7,12
DA:10,0
DA:11,0
DA:14,0
DA:15,0
DA:18,0
DA:19,0
DA:22,0
DA:23,0
DA:26,0
DA:27,0
DA:30,13
DA:32,13
DA:34,13
DA:35,13
DA:36,13
DA:38,13
DA:40,13
DA:60,13
DA:61,13
DA:62,26
DA:64,13
DA:65,13
DA:66,13
DA:68,13
DA:71,13
DA:73,13
DA:79,2
DA:80,2
DA:81,2
DA:82,2
DA:83,2
DA:91,13
DA:93,13
DA:94,13
DA:95,0
DA:96,0
DA:106,13
DA:107,0
DA:108,0
DA:118,13
DA:119,0
DA:120,0
DA:131,13
DA:132,0
DA:134,0
DA:140,0
DA:141,0
DA:164,13
DA:165,13
DA:166,13
DA:167,65
DA:168,13
DA:169,65
DA:170,13
DA:174,13
DA:175,13
DA:176,13
DA:177,65
DA:178,13
DA:179,65
DA:180,13
DA:181,65
DA:182,13
DA:186,13
DA:187,13
DA:189,13
DA:191,13
LF:68
LH:48
end_of_record
SF:lib\views\cart_page.dart
DA:9,2
DA:11,1
DA:12,2
DA:15,1
DA:17,2
DA:18,1
DA:19,5
DA:22,1
DA:25,0
DA:26,0
DA:32,0
DA:33,0
DA:34,0
DA:42,1
DA:43,1
DA:45,1
DA:47,1
DA:48,1
DA:50,1
DA:53,1
DA:54,1
DA:55,1
DA:57,1
DA:58,1
DA:60,1
DA:67,1
DA:68,1
DA:70,1
DA:71,1
DA:72,1
DA:81,1
DA:82,1
DA:83,2
DA:86,1
DA:87,1
DA:88,2
DA:91,1
DA:92,1
DA:93,3
DA:104,1
DA:105,1
DA:106,1
DA:107,1
DA:108,1
DA:110,1
DA:111,1
DA:112,1
DA:113,2
DA:114,1
DA:115,1
DA:119,1
DA:120,2
DA:126,1
DA:128,1
DA:129,1
DA:130,1
DA:131,2
DA:132,1
DA:133,1
DA:139,1
DA:140,0
DA:141,0
DA:142,0
DA:143,0
DA:158,1
DA:160,1
DA:161,1
DA:162,1
DA:163,1
DA:165,1
DA:167,1
DA:169,1
DA:171,1
DA:172,1
DA:173,1
DA:174,2
DA:184,1
DA:185,1
DA:187,1
DA:188,1
DA:196,1
DA:197,0
DA:198,0
DA:200,1
DA:211,1
DA:212,1
DA:214,1
DA:217,1
DA:218,1
DA:219,2
DA:224,1
DA:227,1
DA:228,1
DA:229,1
DA:230,2
DA:232,1
DA:233,1
DA:242,1
DA:244,1
DA:246,3
DA:250,1
DA:252,1
DA:258,1
DA:260,1
DA:268,1
DA:269,2
DA:282,1
DA:284,1
DA:285,1
DA:286,1
DA:287,1
DA:288,2
DA:289,1
DA:296,1
DA:297,1
DA:298,2
DA:299,1
LF:117
LH:106
end_of_record
SF:lib\main.dart
DA:20,0
DA:21,0
DA:25,3
DA:27,1
DA:29,1
DA:32,1
DA:36,1
DA:39,0
DA:43,1
DA:46,0
DA:50,1
DA:53,0
DA:57,1
DA:60,0
DA:61,0
DA:63,0
DA:64,0
DA:67,1
DA:69,1
DA:72,0
DA:73,0
DA:74,0
DA:75,0
DA:83,1
DA:86,0
DA:87,1
DA:89,1
DA:92,0
DA:93,0
DA:94,0
DA:95,0
DA:103,1
DA:106,0
DA:107,0
DA:108,0
DA:109,0
DA:115,1
DA:118,0
DA:122,1
DA:125,0
DA:129,1
DA:132,0
DA:136,1
DA:139,0
DA:143,0
DA:147,1
DA:149,1
DA:151,1
DA:152,2
DA:153,1
DA:156,1
DA:157,1
DA:159,1
DA:166,1
DA:168,1
DA:171,1
DA:173,1
DA:174,1
DA:175,1
DA:177,1
DA:178,1
DA:180,1
DA:183,1
DA:184,1
DA:185,2
DA:190,1
DA:193,1
DA:194,1
DA:196,1
DA:197,1
DA:204,1
DA:205,1
DA:206,1
DA:212,1
DA:216,1
DA:218,1
DA:219,1
DA:221,1
DA:223,1
DA:232,1
DA:234,1
DA:242,1
DA:244,1
DA:245,0
DA:246,0
DA:248,1
DA:257,1
DA:259,1
DA:276,1
DA:277,1
DA:279,4
DA:281,1
DA:282,1
DA:283,2
DA:287,1
DA:291,1
DA:292,1
DA:293,0
DA:294,1
DA:296,1
DA:297,1
DA:300,1
DA:301,1
DA:305,1
DA:306,0
DA:307,1
DA:309,1
DA:310,1
DA:313,1
DA:314,1
DA:318,1
DA:319,0
DA:320,1
DA:322,1
DA:323,1
DA:326,1
DA:327,1
DA:338,1
DA:340,1
DA:342,1
DA:344,1
DA:357,1
DA:360,1
DA:362,4
DA:364,4
DA:366,4
DA:369,1
DA:370,1
DA:371,1
DA:372,1
DA:373,1
DA:374,1
DA:375,1
DA:384,1
DA:386,1
DA:399,1
DA:404,1
DA:406,1
DA:407,0
DA:408,0
DA:410,1
DA:412,1
DA:413,1
DA:414,1
DA:415,1
DA:416,1
DA:417,2
DA:420,1
DA:421,1
DA:422,1
DA:431,2
DA:432,0
DA:435,0
DA:438,0
DA:440,0
DA:442,0
DA:443,0
DA:453,2
DA:454,1
DA:457,1
DA:460,1
DA:462,1
DA:463,1
DA:478,1
DA:480,1
DA:482,1
DA:483,2
DA:493,2
DA:494,0
DA:495,0
DA:496,0
DA:497,0
DA:505,0
DA:506,0
DA:516,1
DA:517,4
DA:523,1
DA:524,1
DA:525,2
DA:537,0
DA:538,0
DA:539,0
DA:540,0
DA:542,0
DA:543,0
DA:544,0
DA:545,0
DA:550,0
DA:552,0
DA:553,0
DA:555,0
DA:556,0
DA:557,0
DA:559,0
DA:560,0
DA:561,0
DA:562,0
DA:565,0
DA:566,0
DA:567,0
DA:578,0
DA:579,0
DA:585,0
DA:586,0
DA:587,0
DA:588,0
DA:589,0
DA:597,0
DA:598,0
DA:608,0
DA:609,0
DA:615,0
DA:616,0
DA:617,0
LF:214
LH:133
end_of_record
SF:lib\views\collections_page.dart
DA:8,2
DA:10,1
DA:11,1
DA:21,1
DA:22,2
DA:29,2
DA:30,0
DA:31,2
DA:33,0
DA:34,0
DA:35,2
DA:36,0
DA:40,1
DA:41,1
DA:42,0
DA:44,1
DA:45,0
DA:47,1
DA:48,0
DA:58,1
DA:60,3
DA:61,2
DA:62,0
DA:65,2
DA:66,1
DA:68,2
DA:69,0
DA:73,1
DA:74,3
DA:77,1
DA:78,1
DA:80,1
DA:82,1
DA:84,1
DA:86,1
DA:87,1
DA:89,2
DA:90,0
DA:91,0
DA:94,2
DA:96,1
DA:97,3
DA:103,1
DA:105,3
DA:106,0
DA:107,0
DA:110,3
DA:119,1
DA:120,1
DA:122,1
DA:123,1
DA:125,1
DA:126,1
DA:127,1
DA:128,1
DA:129,1
DA:130,3
DA:132,1
DA:133,1
DA:134,1
DA:136,1
DA:137,1
DA:140,0
DA:141,0
DA:142,0
DA:149,1
DA:151,1
DA:152,1
DA:153,1
DA:154,1
DA:160,1
DA:161,2
DA:162,1
DA:164,1
DA:179,1
DA:182,1
DA:184,1
DA:186,1
DA:188,1
DA:190,1
DA:191,1
DA:200,1
DA:202,1
DA:204,1
DA:211,1
DA:213,1
DA:216,1
DA:217,1
DA:219,1
DA:222,1
DA:223,1
DA:237,0
DA:239,0
DA:240,0
DA:241,0
DA:248,1
DA:250,1
DA:253,1
DA:254,1
DA:264,0
DA:266,0
DA:267,0
DA:268,0
DA:279,1
DA:281,1
DA:283,1
DA:284,4
DA:290,1
DA:291,0
DA:293,0
DA:294,0
DA:295,0
DA:297,0
DA:299,0
DA:302,0
DA:304,0
DA:309,1
DA:310,1
DA:312,2
DA:314,1
DA:318,1
DA:320,4
DA:326,2
DA:327,1
DA:329,1
DA:330,2
DA:334,2
LF:127
LH:95
end_of_record
SF:lib\views\collection_products_page.dart
DA:10,0
DA:12,1
DA:13,1
DA:23,1
DA:24,1
DA:27,2
DA:28,6
DA:32,2
DA:33,5
DA:34,2
DA:36,6
DA:37,1
DA:38,2
DA:39,5
DA:43,1
DA:44,1
DA:45,5
DA:47,1
DA:48,5
DA:50,1
DA:51,5
DA:62,1
DA:63,3
DA:64,2
DA:65,0
DA:68,2
DA:69,1
DA:70,3
DA:73,1
DA:74,3
DA:77,0
DA:78,0
DA:79,0
DA:83,1
DA:84,1
DA:86,1
DA:88,1
DA:90,1
DA:92,1
DA:93,1
DA:95,2
DA:96,1
DA:97,4
DA:100,2
DA:102,1
DA:103,3
DA:109,1
DA:111,3
DA:112,1
DA:113,4
DA:116,3
DA:125,1
DA:127,1
DA:128,1
DA:129,3
DA:131,1
DA:133,1
DA:134,1
DA:136,1
DA:138,1
DA:140,1
DA:141,1
DA:142,1
DA:145,1
DA:146,1
DA:150,1
DA:151,1
DA:152,1
DA:159,1
DA:160,1
DA:163,1
DA:166,1
DA:168,1
DA:170,1
DA:171,2
DA:180,1
DA:181,1
DA:184,1
DA:187,1
DA:188,1
DA:189,1
DA:203,1
DA:205,1
DA:207,1
DA:208,1
DA:209,1
DA:218,1
DA:221,1
DA:222,1
DA:223,1
DA:225,1
DA:226,1
DA:231,1
DA:232,1
DA:233,1
DA:234,1
DA:235,3
DA:243,1
DA:244,3
DA:245,1
DA:247,1
DA:254,1
DA:255,3
DA:270,1
DA:273,1
DA:275,2
DA:278,2
DA:279,3
DA:280,3
DA:283,2
DA:285,1
DA:287,1
DA:289,1
DA:291,1
DA:294,1
DA:295,1
DA:297,1
DA:299,1
DA:300,1
DA:301,1
DA:308,1
DA:309,1
DA:310,1
DA:312,1
DA:320,1
DA:322,1
DA:325,1
DA:326,1
DA:328,1
DA:331,1
DA:332,1
DA:346,1
DA:348,2
DA:349,1
DA:350,1
DA:358,1
DA:360,1
DA:363,1
DA:364,1
DA:380,1
DA:382,2
DA:383,1
DA:384,1
DA:392,1
DA:394,1
DA:397,1
DA:398,1
DA:409,1
DA:411,2
DA:412,1
DA:413,1
DA:425,1
DA:427,1
DA:429,1
DA:430,4
DA:436,1
DA:437,1
DA:439,1
DA:440,1
DA:441,2
DA:443,1
DA:445,2
DA:448,1
DA:450,2
DA:455,1
DA:456,1
DA:458,2
DA:460,1
DA:464,1
DA:466,4
DA:471,2
DA:472,1
DA:474,1
DA:475,1
DA:476,1
DA:480,2
LF:176
LH:171
end_of_record
SF:lib\views\product_page.dart
DA:11,1
DA:13,1
DA:14,1
DA:22,1
DA:25,1
DA:26,2
DA:29,2
DA:30,0
DA:33,5
DA:34,5
DA:36,1
DA:38,1
DA:40,1
DA:43,1
DA:44,1
DA:45,2
DA:49,1
DA:51,1
DA:53,1
DA:55,1
DA:59,1
DA:61,1
DA:67,1
DA:68,1
DA:69,1
DA:71,1
DA:82,1
DA:83,1
DA:84,5
DA:85,1
DA:86,1
DA:87,1
DA:89,1
DA:90,1
DA:91,1
DA:92,1
DA:93,1
DA:94,1
DA:98,0
DA:99,0
DA:100,0
DA:122,1
DA:123,1
DA:126,1
DA:129,1
DA:131,1
DA:133,1
DA:134,2
DA:143,1
DA:144,1
DA:147,1
DA:150,1
DA:151,1
DA:152,1
DA:169,1
DA:170,1
DA:172,1
DA:174,1
DA:176,1
DA:177,1
DA:178,1
DA:180,1
DA:181,1
DA:182,1
DA:184,1
DA:193,1
DA:194,1
DA:195,1
DA:196,5
DA:205,1
DA:206,1
DA:207,2
DA:208,1
DA:209,3
DA:210,1
DA:211,5
DA:217,1
DA:218,3
DA:219,1
DA:220,5
DA:221,1
DA:226,1
DA:227,3
DA:228,1
DA:229,5
DA:240,1
DA:241,1
DA:242,1
DA:243,1
DA:245,1
DA:248,1
DA:249,1
DA:250,1
DA:251,1
DA:252,1
DA:254,1
DA:264,3
DA:267,3
DA:270,1
DA:272,1
DA:275,1
DA:277,1
DA:280,1
DA:282,1
DA:285,1
DA:290,1
DA:291,1
DA:293,1
DA:303,1
DA:305,3
DA:306,1
DA:307,1
DA:308,2
DA:310,1
DA:311,2
DA:312,1
DA:316,1
DA:323,1
DA:324,1
DA:326,1
DA:336,1
DA:338,3
DA:339,1
DA:340,1
DA:341,2
DA:343,1
DA:344,2
DA:346,1
DA:347,2
DA:348,1
DA:352,1
DA:359,1
DA:360,1
DA:362,1
DA:372,1
DA:373,1
DA:374,1
DA:376,1
DA:377,2
DA:378,2
DA:379,2
DA:384,1
DA:385,2
DA:391,1
DA:393,1
DA:394,2
DA:395,3
DA:396,2
DA:398,0
DA:399,0
DA:401,0
DA:416,1
DA:417,1
DA:419,1
DA:420,1
DA:421,1
DA:422,2
DA:424,1
DA:426,1
DA:435,1
DA:436,2
DA:439,1
DA:440,1
DA:441,2
DA:444,1
DA:445,1
DA:446,2
DA:454,1
DA:455,1
DA:458,1
DA:459,1
DA:461,1
DA:462,1
DA:463,1
DA:466,1
DA:467,1
DA:469,2
DA:470,1
DA:471,1
DA:472,1
DA:473,2
DA:474,1
DA:475,1
DA:476,1
DA:477,1
DA:480,1
DA:484,3
DA:485,1
DA:486,3
DA:487,1
DA:488,3
DA:489,1
DA:491,3
DA:492,1
DA:493,1
DA:496,1
DA:499,1
DA:500,2
DA:507,1
DA:508,1
DA:519,1
DA:520,1
DA:522,1
DA:532,1
DA:533,1
LF:205
LH:198
end_of_record
SF:lib\views\auth_page.dart
DA:5,1
DA:7,1
DA:8,1
DA:26,1
DA:28,2
DA:29,2
DA:30,2
DA:31,2
DA:32,1
DA:35,1
DA:36,3
DA:37,3
DA:38,1
DA:39,2
DA:48,1
DA:50,1
DA:52,1
DA:54,1
DA:56,1
DA:57,1
DA:58,1
DA:60,1
DA:80,1
DA:81,1
DA:84,1
DA:86,1
DA:91,2
DA:92,1
DA:93,1
DA:94,1
DA:98,1
DA:99,1
DA:101,1
DA:102,1
DA:113,1
DA:114,1
DA:116,1
DA:117,1
DA:120,1
DA:125,1
DA:129,1
DA:130,1
DA:132,1
DA:133,1
DA:144,1
DA:146,1
DA:147,1
DA:148,1
DA:149,1
DA:150,1
DA:153,2
DA:158,1
DA:162,1
DA:163,1
DA:164,1
DA:168,1
DA:169,2
DA:170,2
DA:174,1
DA:175,1
DA:177,1
DA:178,1
DA:189,1
DA:191,1
DA:192,1
DA:193,1
DA:194,1
DA:195,0
DA:196,0
DA:197,0
DA:200,0
DA:206,1
DA:210,1
DA:211,1
DA:212,1
DA:216,1
DA:217,2
DA:218,2
DA:222,1
DA:223,1
DA:225,1
DA:226,1
DA:237,1
DA:239,1
DA:242,1
DA:243,1
DA:244,1
DA:247,1
DA:248,1
DA:251,1
DA:252,1
DA:260,1
DA:262,1
DA:263,1
DA:265,1
DA:266,1
DA:267,2
DA:283,1
DA:285,1
DA:287,1
DA:288,1
DA:289,1
DA:292,1
DA:293,1
DA:297,1
DA:298,1
DA:299,2
DA:300,2
DA:303,1
DA:306,1
DA:307,1
LF:111
LH:107
end_of_record
SF:lib\views\sale_collection_page.dart
DA:9,1
DA:11,1
DA:12,1
DA:14,2
DA:15,1
DA:16,0
DA:17,0
DA:19,1
DA:21,1
DA:22,1
DA:25,1
DA:26,1
DA:27,1
DA:30,1
DA:31,1
DA:33,0
DA:34,0
DA:35,0
DA:44,1
DA:47,1
DA:50,1
DA:51,1
DA:52,1
DA:54,1
DA:55,2
DA:67,1
DA:69,1
DA:71,1
DA:72,1
DA:73,1
DA:82,1
DA:83,1
DA:84,1
DA:85,3
DA:86,1
DA:88,1
DA:93,1
DA:94,3
DA:104,1
DA:107,1
DA:108,1
DA:109,1
DA:111,1
DA:112,1
DA:128,1
DA:131,1
DA:133,1
DA:135,1
DA:137,1
DA:140,1
DA:141,1
DA:142,1
DA:152,1
DA:154,1
DA:156,1
DA:164,1
DA:166,1
DA:167,4
DA:175,1
DA:176,0
DA:178,0
DA:179,0
DA:180,0
DA:181,0
DA:183,0
DA:185,0
DA:188,0
DA:190,0
DA:195,1
DA:199,1
DA:201,4
DA:206,1
DA:207,1
DA:208,2
LF:74
LH:60
end_of_record
SF:lib\views\print_shack_page.dart
DA:9,1
DA:11,1
DA:12,1
DA:29,1
DA:30,2
DA:33,1
DA:35,1
DA:36,4
DA:37,4
DA:40,1
DA:42,2
DA:43,2
DA:44,2
DA:45,2
DA:46,1
DA:49,1
DA:50,2
DA:51,1
DA:52,1
DA:53,1
DA:54,1
DA:55,1
DA:56,2
DA:57,2
DA:58,2
DA:59,2
DA:60,4
DA:61,4
DA:62,1
DA:66,1
DA:67,6
DA:68,3
DA:77,4
DA:78,3
DA:79,1
DA:81,1
DA:82,4
DA:83,3
DA:84,4
DA:87,1
DA:88,1
DA:91,2
DA:93,3
DA:94,1
DA:95,4
DA:97,1
DA:100,1
DA:101,2
DA:108,1
DA:110,1
DA:112,1
DA:114,1
DA:115,5
DA:116,1
DA:117,1
DA:118,2
DA:122,1
DA:124,1
DA:126,1
DA:128,1
DA:132,1
DA:134,1
DA:140,1
DA:141,1
DA:142,1
DA:144,1
DA:155,1
DA:156,1
DA:158,1
DA:159,2
DA:160,1
DA:162,1
DA:164,1
DA:167,3
DA:168,3
DA:169,1
DA:170,3
DA:171,1
DA:174,1
DA:175,1
DA:176,1
DA:177,1
DA:180,1
DA:182,1
DA:184,1
DA:185,1
DA:187,1
DA:188,3
DA:190,6
DA:193,1
DA:204,1
DA:205,1
DA:207,1
DA:216,1
DA:218,2
DA:221,1
DA:223,1
DA:228,1
DA:229,1
DA:231,1
DA:240,1
DA:244,1
DA:245,1
DA:246,2
DA:247,1
DA:249,1
DA:250,1
DA:252,1
DA:253,2
DA:254,1
DA:255,1
DA:256,1
DA:259,2
DA:263,4
DA:264,1
DA:265,2
DA:266,1
DA:267,1
DA:268,1
DA:271,2
DA:275,4
DA:276,1
DA:277,2
DA:278,1
DA:279,1
DA:280,1
DA:283,2
DA:287,6
DA:288,1
DA:290,1
DA:292,1
DA:301,1
DA:303,1
DA:304,1
DA:305,1
DA:307,1
DA:308,1
DA:309,1
DA:311,1
DA:313,5
DA:317,1
DA:319,4
DA:322,1
DA:324,1
DA:326,1
DA:327,6
DA:336,1
DA:338,1
DA:339,1
DA:340,1
DA:344,2
DA:353,1
DA:354,1
DA:356,1
DA:357,2
DA:358,1
DA:360,1
DA:362,1
DA:367,1
DA:368,1
DA:374,4
DA:379,1
DA:380,1
DA:386,4
DA:391,1
DA:392,1
DA:398,4
DA:403,1
DA:406,4
DA:407,2
DA:408,1
DA:409,1
DA:412,1
DA:413,0
DA:414,0
DA:417,1
DA:422,1
DA:425,4
DA:426,2
DA:427,1
DA:428,1
DA:431,1
DA:432,0
DA:433,0
DA:436,1
DA:441,1
DA:442,1
DA:443,1
DA:444,2
DA:446,2
DA:448,1
DA:450,3
DA:452,1
DA:453,7
DA:455,2
DA:464,0
DA:465,0
DA:467,0
DA:479,0
DA:481,0
DA:482,0
DA:483,0
DA:484,0
DA:485,0
DA:487,0
DA:501,0
DA:503,0
DA:504,0
DA:505,0
DA:506,0
DA:507,0
DA:509,0
DA:523,0
DA:524,0
DA:525,0
DA:527,0
DA:529,0
DA:530,0
DA:533,0
DA:535,0
DA:542,0
DA:545,0
DA:546,0
DA:549,0
DA:550,0
DA:551,0
DA:552,0
DA:553,0
DA:554,0
DA:555,0
DA:558,0
DA:559,0
DA:560,0
DA:579,1
DA:580,1
DA:581,1
DA:583,0
DA:585,0
DA:587,0
DA:589,0
DA:591,0
DA:593,0
DA:594,0
LF:243
LH:194
end_of_record
SF:lib\views\print_shack_about_page.dart
DA:5,1
DA:7,1
DA:9,1
DA:11,1
DA:13,1
DA:15,1
DA:17,1
DA:27,1
DA:29,1
DA:31,1
DA:63,1
DA:65,1
DA:66,1
DA:67,1
DA:68,1
DA:69,1
DA:112,1
DA:114,1
DA:115,1
DA:119,0
DA:120,0
DA:139,1
DA:140,1
DA:142,1
DA:144,1
DA:147,1
DA:148,1
DA:150,1
DA:151,1
DA:158,1
DA:160,1
DA:161,1
LF:32
LH:30
end_of_record
SF:lib\views\purchase_history_page.dart
DA:9,1
DA:11,1
DA:12,1
DA:18,1
DA:20,1
DA:24,1
DA:25,1
DA:28,1
DA:31,1
DA:32,1
DA:33,1
DA:34,1
DA:36,1
DA:37,1
DA:38,2
DA:45,1
DA:46,1
DA:47,1
DA:49,1
DA:55,1
DA:57,1
DA:58,1
DA:59,3
DA:67,1
DA:69,1
DA:70,1
DA:71,1
DA:73,1
DA:74,1
DA:75,1
DA:77,1
DA:86,1
DA:98,4
DA:99,1
DA:105,1
DA:106,1
DA:108,1
DA:109,1
DA:110,1
DA:113,1
DA:114,1
DA:115,1
DA:117,1
DA:118,1
DA:119,1
DA:120,1
DA:122,1
DA:129,1
DA:130,1
DA:132,1
DA:133,1
DA:134,1
DA:143,1
DA:144,1
DA:145,1
DA:146,1
DA:147,2
DA:148,2
DA:150,2
DA:151,3
DA:152,1
DA:153,1
DA:154,2
DA:155,2
DA:162,1
DA:164,1
DA:165,1
DA:166,3
DA:172,1
DA:173,2
DA:174,2
DA:183,1
DA:184,1
DA:185,1
DA:187,1
DA:189,1
DA:190,2
DA:192,1
DA:194,1
DA:197,1
DA:201,1
DA:202,2
DA:204,2
DA:205,1
DA:207,1
DA:212,1
DA:213,1
DA:214,2
DA:216,1
DA:229,1
DA:231,1
DA:232,2
DA:234,1
DA:236,1
DA:238,1
DA:241,1
DA:242,1
DA:244,1
DA:246,1
DA:255,1
DA:257,1
DA:259,1
DA:267,1
DA:269,1
DA:271,1
DA:280,1
DA:281,1
DA:292,1
DA:294,2
DA:295,1
DA:299,1
DA:311,1
DA:312,1
DA:314,1
DA:316,1
DA:317,4
DA:328,1
DA:329,2
DA:330,4
DA:331,1
DA:333,1
DA:336,1
DA:337,1
DA:338,2
DA:342,1
LF:125
LH:125
end_of_record
SF:lib\models\print_shack_model.dart
DA:9,1
DA:26,0
DA:34,0
DA:35,0
DA:39,3
DA:40,1
DA:44,1
DA:45,1
DA:48,1
DA:52,1
DA:53,1
DA:56,1
DA:60,1
DA:61,1
DA:66,1
DA:67,5
LF:16
LH:13
end_of_record
